{
  "RSpec": {
    "coverage": {
      "/Users/pallavimalik/Documents/personal/vehicle_survey/app/helpers/application_helper.rb": [
        1,
        null
      ],
      "/Users/pallavimalik/Documents/personal/vehicle_survey/app/controllers/reports_controller.rb": [
        1,
        1,
        1,
        null,
        1,
        2,
        null,
        null,
        1,
        1,
        1,
        null,
        null,
        1,
        1,
        1,
        null,
        null,
        1,
        1,
        null,
        null,
        1,
        null,
        1,
        4,
        null,
        null,
        null
      ],
      "/Users/pallavimalik/Documents/personal/vehicle_survey/app/controllers/application_controller.rb": [
        1,
        null,
        null,
        1,
        null
      ],
      "/Users/pallavimalik/Documents/personal/vehicle_survey/app/models/file_parser.rb": [
        1,
        1,
        null,
        1,
        1,
        null,
        1,
        5,
        5,
        null,
        5,
        269260,
        269260,
        269260,
        null,
        269260,
        134630,
        89511,
        89511,
        89511,
        null,
        0,
        0,
        null,
        134630,
        0,
        null,
        null,
        5,
        null,
        null,
        1,
        269261,
        269261,
        null,
        null,
        null,
        null
      ],
      "/Users/pallavimalik/Documents/personal/vehicle_survey/app/models/report.rb": [
        1,
        null,
        1,
        2,
        2,
        null,
        2,
        null,
        2,
        null,
        2,
        null,
        null,
        null,
        null,
        null,
        null,
        null,
        null,
        null,
        null,
        null,
        null,
        2,
        null,
        null,
        1,
        2,
        null,
        2,
        null,
        2,
        null,
        2,
        null,
        2,
        null,
        2,
        null,
        null,
        1,
        2,
        2,
        2,
        2,
        2,
        2,
        null,
        null,
        1,
        4,
        4,
        4,
        4,
        4,
        null,
        null,
        1,
        1,
        null,
        null,
        null,
        null,
        1,
        null,
        null,
        1,
        null,
        null,
        null,
        null,
        1,
        null,
        null,
        1,
        1,
        null,
        null,
        null,
        null,
        null,
        1,
        null,
        null,
        1,
        null,
        null,
        null,
        null,
        1,
        null,
        null,
        1,
        null,
        null,
        null,
        null,
        1,
        null,
        null,
        1,
        5,
        null,
        null,
        1,
        3,
        null,
        null,
        1,
        44,
        44,
        44,
        44,
        447440,
        164,
        164,
        164,
        447276,
        9164,
        9164,
        27984,
        9656,
        9656,
        null,
        9164,
        null,
        438112,
        438112,
        null,
        null,
        44,
        44,
        null,
        null,
        1,
        21,
        102,
        4843,
        null,
        null,
        null,
        null,
        1,
        221322,
        null,
        null,
        1,
        11,
        2475,
        null,
        null,
        null,
        1,
        2424,
        2342,
        2342,
        111832,
        null,
        2342,
        null,
        null,
        1,
        109489,
        109489,
        109489,
        null,
        null,
        1,
        11,
        2475,
        null,
        null,
        null,
        1,
        2424,
        2189,
        2189,
        109488,
        null,
        2189,
        null,
        null,
        1,
        41,
        201,
        null,
        null,
        null,
        1,
        201,
        201,
        201,
        null,
        null,
        1,
        56,
        null,
        null,
        1,
        11,
        11,
        55,
        55,
        null,
        11,
        null,
        null,
        null,
        null,
        null
      ]
    },
    "timestamp": 1422893091
  }
}
